2023-03-15 19:49:14.297 [main] INFO  Calculator - RESULT - Power of 2.0^3.0 = 8.0
2023-03-15 19:49:14.299 [main] INFO  Calculator - RESULT - Power of -3.0^3.0 = -27.0
2023-03-15 19:49:14.304 [main] INFO  Calculator - RESULT - NaturalLog of 10.0 = 2.302585092994046
2023-03-15 19:49:14.305 [main] INFO  Calculator - RESULT - NaturalLog of 1.0 = 0.0
2023-03-15 19:49:14.306 [main] INFO  Calculator - RESULT - SquareRoot of 100.0 = 10.0
2023-03-15 19:49:14.306 [main] INFO  Calculator - RESULT - SquareRoot of 169.0 = 13.0
2023-03-15 19:49:14.306 [main] INFO  Calculator - RESULT - SquareRoot of 4.0 = 2.0
2023-03-15 19:49:14.307 [main] INFO  Calculator - RESULT - SquareRoot of 9.0 = 3.0
2023-03-15 19:49:14.307 [main] INFO  Calculator - RESULT - Factorial of 2.5 = 2.0
2023-03-15 19:49:14.308 [main] INFO  Calculator - RESULT - Factorial of 3.0 = 6.0
2023-03-15 19:49:14.308 [main] INFO  Calculator - RESULT - Factorial of 4.0 = 24.0
2023-03-15 19:49:14.308 [main] INFO  Calculator - RESULT - Factorial of 2.0 = 2.0
2023-03-15 19:49:14.308 [main] INFO  Calculator - RESULT - SquareRoot of 5.0 = 2.23606797749979
2023-03-15 19:49:14.309 [main] INFO  Calculator - RESULT - SquareRoot of 6.0 = 2.449489742783178
2023-03-15 19:49:14.309 [main] INFO  Calculator - RESULT - SquareRoot of 10.0 = 3.1622776601683795
2023-03-15 19:49:14.309 [main] INFO  Calculator - RESULT - SquareRoot of 0.5 = 0.7071067811865476
2023-03-15 19:49:14.310 [main] INFO  Calculator - RESULT - Power of 2.0^3.0 = 8.0
2023-03-15 19:49:14.310 [main] INFO  Calculator - RESULT - Power of -4.5^3.0 = -91.125
2023-03-15 19:49:14.311 [main] INFO  Calculator - RESULT - NaturalLog of 15.0 = 2.70805020110221
2023-03-15 19:49:14.311 [main] INFO  Calculator - RESULT - NaturalLog of 12.3 = 2.509599262378372
2023-03-15 19:49:14.311 [main] INFO  Calculator - RESULT - Factorial of 3.0 = 6.0
2023-03-15 19:49:14.312 [main] INFO  Calculator - RESULT - Factorial of 5.0 = 120.0
2023-03-15 19:49:14.312 [main] INFO  Calculator - RESULT - Factorial of 1.0 = 1.0
